<?xml version="1.0" encoding="UTF-8"?>
<!-- Generated by org.testng.reporters.JUnitReportReporter -->
<testsuite skipped="0" hostname="IRL103958" name="com.tmv.test.SampleTMV" tests="1" failures="0" timestamp="13 Feb 2018 16:52:04 GMT" time="43.691" errors="0">
  <testcase name="testTmv" time="43.691" classname="com.tmv.test.SampleTMV"/>
</testsuite> <!-- com.tmv.test.SampleTMV -->
