<?xml version="1.0" encoding="UTF-8"?>
<!-- Generated by org.testng.reporters.JUnitReportReporter -->
<testsuite skipped="0" hostname="IRL103958" name="com.tmv.test.SampleTMV" tests="1" failures="0" timestamp="08 Feb 2018 22:31:06 GMT" time="29.667" errors="0">
  <testcase name="testTmv" time="29.667" classname="com.tmv.test.SampleTMV"/>
</testsuite> <!-- com.tmv.test.SampleTMV -->
