<?xml version="1.0" encoding="UTF-8"?>
<!-- Generated by org.testng.reporters.JUnitReportReporter -->
<testsuite skipped="0" hostname="IRL103958" name="com.tmv.test.SampleTMVTest" tests="1" failures="0" timestamp="15 Feb 2018 02:18:45 GMT" time="46.394" errors="0">
  <testcase name="testTmv" time="46.394" classname="com.tmv.test.SampleTMVTest"/>
</testsuite> <!-- com.tmv.test.SampleTMVTest -->
